-------------------------------------------------------------------------------
Test set: com.example.cs304.controller.ForumControllerTest
-------------------------------------------------------------------------------
Tests run: 8, Failures: 0, Errors: 8, Skipped: 0, Time elapsed: 0.070 s <<< FAILURE! -- in com.example.cs304.controller.ForumControllerTest
com.example.cs304.controller.ForumControllerTest.shouldReturnPostCount -- Time elapsed: 0.002 s <<< ERROR!
org.junit.jupiter.api.extension.ParameterResolutionException: No ParameterResolver registered for parameter [com.example.cs304.converter.JwtTokenProvider jwtTokenProvider] in constructor [com.example.cs304.controller.ForumControllerTest(com.example.cs304.converter.JwtTokenProvider)].
	at java.base/java.util.Optional.orElseGet(Optional.java:364)
	at java.base/java.util.ArrayList.forEach(ArrayList.java:1511)
	at java.base/java.util.ArrayList.forEach(ArrayList.java:1511)

com.example.cs304.controller.ForumControllerTest.shouldReturnDepartments -- Time elapsed: 0.001 s <<< ERROR!
org.junit.jupiter.api.extension.ParameterResolutionException: No ParameterResolver registered for parameter [com.example.cs304.converter.JwtTokenProvider jwtTokenProvider] in constructor [com.example.cs304.controller.ForumControllerTest(com.example.cs304.converter.JwtTokenProvider)].
	at java.base/java.util.Optional.orElseGet(Optional.java:364)
	at java.base/java.util.ArrayList.forEach(ArrayList.java:1511)
	at java.base/java.util.ArrayList.forEach(ArrayList.java:1511)

com.example.cs304.controller.ForumControllerTest.shouldReturnPostsByCondition -- Time elapsed: 0.001 s <<< ERROR!
org.junit.jupiter.api.extension.ParameterResolutionException: No ParameterResolver registered for parameter [com.example.cs304.converter.JwtTokenProvider jwtTokenProvider] in constructor [com.example.cs304.controller.ForumControllerTest(com.example.cs304.converter.JwtTokenProvider)].
	at java.base/java.util.Optional.orElseGet(Optional.java:364)
	at java.base/java.util.ArrayList.forEach(ArrayList.java:1511)
	at java.base/java.util.ArrayList.forEach(ArrayList.java:1511)

com.example.cs304.controller.ForumControllerTest.testCreateComment_EmptyContent_Fail -- Time elapsed: 0.001 s <<< ERROR!
org.junit.jupiter.api.extension.ParameterResolutionException: No ParameterResolver registered for parameter [com.example.cs304.converter.JwtTokenProvider jwtTokenProvider] in constructor [com.example.cs304.controller.ForumControllerTest(com.example.cs304.converter.JwtTokenProvider)].
	at java.base/java.util.Optional.orElseGet(Optional.java:364)
	at java.base/java.util.ArrayList.forEach(ArrayList.java:1511)
	at java.base/java.util.ArrayList.forEach(ArrayList.java:1511)

com.example.cs304.controller.ForumControllerTest.shouldCreatePost -- Time elapsed: 0.002 s <<< ERROR!
org.junit.jupiter.api.extension.ParameterResolutionException: No ParameterResolver registered for parameter [com.example.cs304.converter.JwtTokenProvider jwtTokenProvider] in constructor [com.example.cs304.controller.ForumControllerTest(com.example.cs304.converter.JwtTokenProvider)].
	at java.base/java.util.Optional.orElseGet(Optional.java:364)
	at java.base/java.util.ArrayList.forEach(ArrayList.java:1511)
	at java.base/java.util.ArrayList.forEach(ArrayList.java:1511)

com.example.cs304.controller.ForumControllerTest.shouldDeletePost -- Time elapsed: 0.002 s <<< ERROR!
org.junit.jupiter.api.extension.ParameterResolutionException: No ParameterResolver registered for parameter [com.example.cs304.converter.JwtTokenProvider jwtTokenProvider] in constructor [com.example.cs304.controller.ForumControllerTest(com.example.cs304.converter.JwtTokenProvider)].
	at java.base/java.util.Optional.orElseGet(Optional.java:364)
	at java.base/java.util.ArrayList.forEach(ArrayList.java:1511)
	at java.base/java.util.ArrayList.forEach(ArrayList.java:1511)

com.example.cs304.controller.ForumControllerTest.shouldCreateComment -- Time elapsed: 0.001 s <<< ERROR!
org.junit.jupiter.api.extension.ParameterResolutionException: No ParameterResolver registered for parameter [com.example.cs304.converter.JwtTokenProvider jwtTokenProvider] in constructor [com.example.cs304.controller.ForumControllerTest(com.example.cs304.converter.JwtTokenProvider)].
	at java.base/java.util.Optional.orElseGet(Optional.java:364)
	at java.base/java.util.ArrayList.forEach(ArrayList.java:1511)
	at java.base/java.util.ArrayList.forEach(ArrayList.java:1511)

com.example.cs304.controller.ForumControllerTest.testCreateComment_InvalidStudentId_Fail -- Time elapsed: 0.001 s <<< ERROR!
org.junit.jupiter.api.extension.ParameterResolutionException: No ParameterResolver registered for parameter [com.example.cs304.converter.JwtTokenProvider jwtTokenProvider] in constructor [com.example.cs304.controller.ForumControllerTest(com.example.cs304.converter.JwtTokenProvider)].
	at java.base/java.util.Optional.orElseGet(Optional.java:364)
	at java.base/java.util.ArrayList.forEach(ArrayList.java:1511)
	at java.base/java.util.ArrayList.forEach(ArrayList.java:1511)

